<?xml version="1.0" encoding="UTF-8"?>
<testng-results skipped="0" failed="0" total="1" passed="1">
  <reporter-output>
  </reporter-output>
  <suite name="Default suite" duration-ms="76346" started-at="2014-01-27T01:59:20Z" finished-at="2014-01-27T02:00:36Z">
    <groups>
    </groups>
    <test name="Default test" duration-ms="76346" started-at="2014-01-27T01:59:20Z" finished-at="2014-01-27T02:00:36Z">
      <class name="practicetwo.LaunchFF">
        <test-method status="PASS" signature="startFirefox()[pri:0, instance:practicetwo.LaunchFF@4fb8db2e]" name="startFirefox" is-config="true" duration-ms="39414" started-at="2014-01-27T09:59:20Z" finished-at="2014-01-27T09:59:59Z">
          <reporter-output>
          </reporter-output>
        </test-method> <!-- startFirefox -->
        <test-method status="PASS" signature="searchOnBaidu()[pri:0, instance:practicetwo.LaunchFF@4fb8db2e]" name="searchOnBaidu" duration-ms="35847" started-at="2014-01-27T09:59:59Z" finished-at="2014-01-27T10:00:35Z">
          <reporter-output>
          </reporter-output>
        </test-method> <!-- searchOnBaidu -->
        <test-method status="PASS" signature="releaseFFDriver()[pri:0, instance:practicetwo.LaunchFF@4fb8db2e]" name="releaseFFDriver" is-config="true" duration-ms="1070" started-at="2014-01-27T10:00:35Z" finished-at="2014-01-27T10:00:36Z">
          <reporter-output>
          </reporter-output>
        </test-method> <!-- releaseFFDriver -->
      </class> <!-- practicetwo.LaunchFF -->
    </test> <!-- Default test -->
  </suite> <!-- Default suite -->
</testng-results>
