<?xml version="1.0" encoding="UTF-8"?>
<testng-results skipped="0" failed="0" total="1" passed="1">
  <reporter-output>
  </reporter-output>
  <suite name="FireflyAutomation" duration-ms="27" started-at="2014-02-08T06:30:18Z" finished-at="2014-02-08T06:30:18Z">
    <groups>
    </groups>
    <test name="Practice1" duration-ms="27" started-at="2014-02-08T06:30:18Z" finished-at="2014-02-08T06:30:18Z">
      <class name="practicefour.Practice1OnTestNG">
        <test-method status="PASS" signature="test(java.lang.String)[pri:0, instance:practicefour.Practice1OnTestNG@c24cb3]" name="test" duration-ms="11" started-at="2014-02-08T14:30:18Z" finished-at="2014-02-08T14:30:18Z">
          <params>
            <param index="0">
              <value>
                <![CDATA[\tool\test.properties]]>
              </value>
            </param>
          </params>
          <reporter-output>
          </reporter-output>
        </test-method> <!-- test -->
      </class> <!-- practicefour.Practice1OnTestNG -->
    </test> <!-- Practice1 -->
  </suite> <!-- FireflyAutomation -->
</testng-results>
