<?xml version="1.0" encoding="UTF-8"?>
<testng-results skipped="0" failed="1" total="1" passed="0">
  <reporter-output>
  </reporter-output>
  <suite name="Default suite" duration-ms="66017" started-at="2014-02-20T07:10:32Z" finished-at="2014-02-20T07:11:38Z">
    <groups>
    </groups>
    <test name="Default test" duration-ms="66017" started-at="2014-02-20T07:10:32Z" finished-at="2014-02-20T07:11:38Z">
      <class name="Test126.My126InBoxWorkers">
        <test-method status="PASS" signature="driverBulid()[pri:0, instance:Test126.My126InBoxWorkers@5870501]" name="driverBulid" is-config="true" duration-ms="6357" started-at="2014-02-20T15:10:26Z" finished-at="2014-02-20T15:10:32Z">
          <reporter-output>
          </reporter-output>
        </test-method> <!-- driverBulid -->
        <test-method status="PASS" signature="login()[pri:0, instance:Test126.My126InBoxWorkers@5870501]" name="login" is-config="true" duration-ms="9292" started-at="2014-02-20T15:10:32Z" finished-at="2014-02-20T15:10:41Z">
          <reporter-output>
          </reporter-output>
        </test-method> <!-- login -->
        <test-method status="FAIL" signature="allMailReaded()[pri:0, instance:Test126.My126InBoxWorkers@5870501]" name="allMailReaded" duration-ms="56143" started-at="2014-02-20T15:10:41Z" finished-at="2014-02-20T15:11:37Z">
          <exception class="java.lang.NullPointerException">
            <full-stacktrace>
              <![CDATA[java.lang.NullPointerException
	at org.openqa.selenium.support.pagefactory.DefaultElementLocator.findElement(DefaultElementLocator.java:59)
	at org.openqa.selenium.support.pagefactory.internal.LocatingElementHandler.invoke(LocatingElementHandler.java:34)
	at com.sun.proxy.$Proxy10.click(Unknown Source)
	at Test126.My126InBoxPage.inBoxClick(My126InBoxPage.java:43)
	at Test126.My126InBoxWorkers.allMailReaded(My126InBoxWorkers.java:10)
	at sun.reflect.NativeMethodAccessorImpl.invoke0(Native Method)
	at sun.reflect.NativeMethodAccessorImpl.invoke(NativeMethodAccessorImpl.java:57)
	at sun.reflect.DelegatingMethodAccessorImpl.invoke(DelegatingMethodAccessorImpl.java:43)
	at java.lang.reflect.Method.invoke(Method.java:601)
	at org.testng.internal.MethodInvocationHelper.invokeMethod(MethodInvocationHelper.java:84)
	at org.testng.internal.Invoker.invokeMethod(Invoker.java:714)
	at org.testng.internal.Invoker.invokeTestMethod(Invoker.java:901)
	at org.testng.internal.Invoker.invokeTestMethods(Invoker.java:1231)
	at org.testng.internal.TestMethodWorker.invokeTestMethods(TestMethodWorker.java:127)
	at org.testng.internal.TestMethodWorker.run(TestMethodWorker.java:111)
	at org.testng.TestRunner.privateRun(TestRunner.java:767)
	at org.testng.TestRunner.run(TestRunner.java:617)
	at org.testng.SuiteRunner.runTest(SuiteRunner.java:334)
	at org.testng.SuiteRunner.runSequentially(SuiteRunner.java:329)
	at org.testng.SuiteRunner.privateRun(SuiteRunner.java:291)
	at org.testng.SuiteRunner.run(SuiteRunner.java:240)
	at org.testng.SuiteRunnerWorker.runSuite(SuiteRunnerWorker.java:52)
	at org.testng.SuiteRunnerWorker.run(SuiteRunnerWorker.java:86)
	at org.testng.TestNG.runSuitesSequentially(TestNG.java:1224)
	at org.testng.TestNG.runSuitesLocally(TestNG.java:1149)
	at org.testng.TestNG.run(TestNG.java:1057)
	at org.testng.remote.RemoteTestNG.run(RemoteTestNG.java:111)
	at org.testng.remote.RemoteTestNG.initAndRun(RemoteTestNG.java:204)
	at org.testng.remote.RemoteTestNG.main(RemoteTestNG.java:175)
]]>
            </full-stacktrace>
          </exception> <!-- java.lang.NullPointerException -->
          <reporter-output>
          </reporter-output>
        </test-method> <!-- allMailReaded -->
        <test-method status="PASS" signature="logOut126()[pri:0, instance:Test126.My126InBoxWorkers@5870501]" name="logOut126" is-config="true" duration-ms="562" started-at="2014-02-20T15:11:37Z" finished-at="2014-02-20T15:11:38Z">
          <reporter-output>
          </reporter-output>
        </test-method> <!-- logOut126 -->
        <test-method status="PASS" signature="driverStop()[pri:0, instance:Test126.My126InBoxWorkers@5870501]" name="driverStop" is-config="true" duration-ms="237" started-at="2014-02-20T15:11:38Z" finished-at="2014-02-20T15:11:38Z">
          <reporter-output>
          </reporter-output>
        </test-method> <!-- driverStop -->
      </class> <!-- Test126.My126InBoxWorkers -->
    </test> <!-- Default test -->
  </suite> <!-- Default suite -->
</testng-results>
