<?xml version="1.0" encoding="UTF-8"?>
<!-- Generated by org.testng.reporters.JUnitXMLReporter -->
<testsuite hostname="PC201310140854" name="Practice2" tests="3" failures="0" timestamp="7 Feb 2014 07:03:02 GMT" time="0.034" errors="0">
  <testcase name="aFastTest" time="0.008" classname="practiceone.Practice1OnTestng"/>
  <testcase name="bSlowTest" time="0.0" classname="practiceone.Practice2OnTestng"/>
  <testcase name="runAll" time="0.0" classname="practiceone.PracticeBase"/>
</testsuite> <!-- Practice2 -->
